{"/Users/jaewookahn/projects/code_snippet/code_snippets/src/CodeSnippetContentsService.ts": {"path":"/Users/jaewookahn/projects/code_snippet/code_snippets/src/CodeSnippetContentsService.ts","statementMap":{"0":{"start":{"line":1,"column":0},"end":{"line":1,"column":72}},"1":{"start":{"line":21,"column":18},"end":{"line":21,"column":54}},"2":{"start":{"line":22,"column":28},"end":{"line":22,"column":72}},"3":{"start":{"line":23,"column":4},"end":{"line":23,"column":23}},"4":{"start":{"line":24,"column":4},"end":{"line":24,"column":43}},"5":{"start":{"line":28,"column":4},"end":{"line":30,"column":null}},"6":{"start":{"line":29,"column":6},"end":{"line":29,"column":55}},"7":{"start":{"line":31,"column":4},"end":{"line":31,"column":25}},"8":{"start":{"line":42,"column":4},"end":{"line":51,"column":null}},"9":{"start":{"line":43,"column":19},"end":{"line":47,"column":8}},"10":{"start":{"line":48,"column":6},"end":{"line":48,"column":18}},"11":{"start":{"line":50,"column":6},"end":{"line":50,"column":19}},"12":{"start":{"line":71,"column":4},"end":{"line":76,"column":null}},"13":{"start":{"line":72,"column":27},"end":{"line":72,"column":73}},"14":{"start":{"line":73,"column":6},"end":{"line":73,"column":26}},"15":{"start":{"line":75,"column":6},"end":{"line":75,"column":19}},"16":{"start":{"line":91,"column":4},"end":{"line":96,"column":null}},"17":{"start":{"line":92,"column":27},"end":{"line":92,"column":78}},"18":{"start":{"line":93,"column":6},"end":{"line":93,"column":26}},"19":{"start":{"line":95,"column":6},"end":{"line":95,"column":19}},"20":{"start":{"line":106,"column":4},"end":{"line":110,"column":null}},"21":{"start":{"line":107,"column":6},"end":{"line":107,"column":46}},"22":{"start":{"line":109,"column":6},"end":{"line":109,"column":13}},"23":{"start":{"line":16,"column":0},"end":{"line":16,"column":13}}},"fnMap":{"0":{"name":"(anonymous_7)","decl":{"start":{"line":20,"column":2},"end":{"line":20,"column":null}},"loc":{"start":{"line":20,"column":2},"end":{"line":25,"column":3}}},"1":{"name":"(anonymous_8)","decl":{"start":{"line":27,"column":2},"end":{"line":27,"column":8}},"loc":{"start":{"line":27,"column":20},"end":{"line":32,"column":3}}},"2":{"name":"(anonymous_9)","decl":{"start":{"line":38,"column":8},"end":{"line":38,"column":15}},"loc":{"start":{"line":40,"column":30},"end":{"line":58,"column":null}}},"3":{"name":"(anonymous_11)","decl":{"start":{"line":67,"column":8},"end":{"line":67,"column":12}},"loc":{"start":{"line":69,"column":38},"end":{"line":77,"column":null}}},"4":{"name":"(anonymous_13)","decl":{"start":{"line":90,"column":8},"end":{"line":90,"column":14}},"loc":{"start":{"line":90,"column":47},"end":{"line":99,"column":null}}},"5":{"name":"(anonymous_15)","decl":{"start":{"line":105,"column":8},"end":{"line":105,"column":14}},"loc":{"start":{"line":105,"column":27},"end":{"line":111,"column":null}}}},"branchMap":{"0":{"loc":{"start":{"line":28,"column":4},"end":{"line":30,"column":null}},"type":"if","locations":[{"start":{"line":28,"column":4},"end":{"line":30,"column":null}},{"start":{"line":28,"column":4},"end":{"line":30,"column":null}}]}},"s":{"0":2,"1":2,"2":2,"3":2,"4":2,"5":4,"6":2,"7":4,"8":2,"9":2,"10":1,"11":1,"12":4,"13":4,"14":1,"15":3,"16":2,"17":2,"18":1,"19":1,"20":1,"21":1,"22":1,"23":2},"f":{"0":2,"1":4,"2":2,"3":4,"4":2,"5":1},"b":{"0":[2,2]}}
,"/Users/jaewookahn/projects/code_snippet/code_snippets/src/CodeSnippetWidgetModel.ts": {"path":"/Users/jaewookahn/projects/code_snippet/code_snippets/src/CodeSnippetWidgetModel.ts","statementMap":{"0":{"start":{"line":1,"column":0},"end":{"line":1,"column":null}},"1":{"start":{"line":17,"column":4},"end":{"line":17,"column":30}},"2":{"start":{"line":21,"column":4},"end":{"line":21,"column":24}},"3":{"start":{"line":22,"column":4},"end":{"line":22,"column":26}},"4":{"start":{"line":26,"column":4},"end":{"line":26,"column":33}},"5":{"start":{"line":30,"column":4},"end":{"line":30,"column":24}},"6":{"start":{"line":31,"column":4},"end":{"line":33,"column":null}},"7":{"start":{"line":31,"column":17},"end":{"line":31,"column":18}},"8":{"start":{"line":32,"column":6},"end":{"line":32,"column":31}},"9":{"start":{"line":37,"column":4},"end":{"line":46,"column":null}},"10":{"start":{"line":38,"column":6},"end":{"line":45,"column":null}},"11":{"start":{"line":39,"column":8},"end":{"line":39,"column":31}},"12":{"start":{"line":40,"column":8},"end":{"line":43,"column":10}},"13":{"start":{"line":44,"column":8},"end":{"line":44,"column":14}},"14":{"start":{"line":51,"column":4},"end":{"line":53,"column":null}},"15":{"start":{"line":52,"column":6},"end":{"line":52,"column":44}},"16":{"start":{"line":54,"column":4},"end":{"line":54,"column":42}},"17":{"start":{"line":58,"column":4},"end":{"line":58,"column":47}},"18":{"start":{"line":58,"column":34},"end":{"line":58,"column":45}},"19":{"start":{"line":63,"column":4},"end":{"line":65,"column":null}},"20":{"start":{"line":64,"column":6},"end":{"line":64,"column":24}},"21":{"start":{"line":66,"column":4},"end":{"line":68,"column":null}},"22":{"start":{"line":67,"column":6},"end":{"line":67,"column":13}},"23":{"start":{"line":69,"column":28},"end":{"line":69,"column":51}},"24":{"start":{"line":70,"column":4},"end":{"line":70,"column":32}},"25":{"start":{"line":71,"column":4},"end":{"line":71,"column":31}},"26":{"start":{"line":73,"column":4},"end":{"line":73,"column":47}},"27":{"start":{"line":74,"column":4},"end":{"line":74,"column":33}},"28":{"start":{"line":82,"column":24},"end":{"line":82,"column":45}},"29":{"start":{"line":83,"column":4},"end":{"line":91,"column":null}},"30":{"start":{"line":84,"column":6},"end":{"line":84,"column":27}},"31":{"start":{"line":87,"column":6},"end":{"line":89,"column":null}},"32":{"start":{"line":87,"column":19},"end":{"line":87,"column":28}},"33":{"start":{"line":88,"column":8},"end":{"line":88,"column":56}},"34":{"start":{"line":90,"column":6},"end":{"line":90,"column":38}},"35":{"start":{"line":95,"column":4},"end":{"line":95,"column":24}},"36":{"start":{"line":99,"column":4},"end":{"line":104,"column":7}},"37":{"start":{"line":100,"column":6},"end":{"line":103,"column":8}},"38":{"start":{"line":113,"column":24},"end":{"line":113,"column":45}},"39":{"start":{"line":115,"column":4},"end":{"line":123,"column":null}},"40":{"start":{"line":116,"column":6},"end":{"line":116,"column":38}},"41":{"start":{"line":119,"column":6},"end":{"line":121,"column":null}},"42":{"start":{"line":119,"column":19},"end":{"line":119,"column":24}},"43":{"start":{"line":120,"column":8},"end":{"line":120,"column":56}},"44":{"start":{"line":122,"column":6},"end":{"line":122,"column":50}},"45":{"start":{"line":13,"column":0},"end":{"line":13,"column":13}}},"fnMap":{"0":{"name":"(anonymous_0)","decl":{"start":{"line":16,"column":2},"end":{"line":16,"column":14}},"loc":{"start":{"line":16,"column":38},"end":{"line":18,"column":3}}},"1":{"name":"(anonymous_1)","decl":{"start":{"line":20,"column":2},"end":{"line":20,"column":6}},"loc":{"start":{"line":20,"column":14},"end":{"line":23,"column":3}}},"2":{"name":"(anonymous_2)","decl":{"start":{"line":25,"column":2},"end":{"line":25,"column":6}},"loc":{"start":{"line":25,"column":42},"end":{"line":27,"column":3}}},"3":{"name":"(anonymous_3)","decl":{"start":{"line":29,"column":2},"end":{"line":29,"column":16}},"loc":{"start":{"line":29,"column":16},"end":{"line":34,"column":3}}},"4":{"name":"(anonymous_4)","decl":{"start":{"line":36,"column":2},"end":{"line":36,"column":15}},"loc":{"start":{"line":36,"column":48},"end":{"line":47,"column":3}}},"5":{"name":"(anonymous_5)","decl":{"start":{"line":49,"column":2},"end":{"line":49,"column":12}},"loc":{"start":{"line":49,"column":52},"end":{"line":55,"column":3}}},"6":{"name":"(anonymous_6)","decl":{"start":{"line":57,"column":2},"end":{"line":57,"column":14}},"loc":{"start":{"line":57,"column":14},"end":{"line":59,"column":3}}},"7":{"name":"(anonymous_7)","decl":{"start":{"line":58,"column":24},"end":{"line":58,"column":25}},"loc":{"start":{"line":58,"column":34},"end":{"line":58,"column":45}}},"8":{"name":"(anonymous_8)","decl":{"start":{"line":62,"column":2},"end":{"line":62,"column":13}},"loc":{"start":{"line":62,"column":44},"end":{"line":75,"column":3}}},"9":{"name":"(anonymous_9)","decl":{"start":{"line":81,"column":2},"end":{"line":81,"column":15}},"loc":{"start":{"line":81,"column":26},"end":{"line":92,"column":3}}},"10":{"name":"(anonymous_10)","decl":{"start":{"line":94,"column":2},"end":{"line":94,"column":15}},"loc":{"start":{"line":94,"column":15},"end":{"line":96,"column":3}}},"11":{"name":"(anonymous_11)","decl":{"start":{"line":98,"column":2},"end":{"line":98,"column":23}},"loc":{"start":{"line":98,"column":23},"end":{"line":105,"column":3}}},"12":{"name":"(anonymous_12)","decl":{"start":{"line":99,"column":27},"end":{"line":99,"column":34}},"loc":{"start":{"line":99,"column":37},"end":{"line":104,"column":5}}},"13":{"name":"(anonymous_13)","decl":{"start":{"line":112,"column":10},"end":{"line":112,"column":23}},"loc":{"start":{"line":112,"column":60},"end":{"line":124,"column":3}}}},"branchMap":{"0":{"loc":{"start":{"line":38,"column":6},"end":{"line":45,"column":null}},"type":"if","locations":[{"start":{"line":38,"column":6},"end":{"line":45,"column":null}},{"start":{"line":38,"column":6},"end":{"line":45,"column":null}}]},"1":{"loc":{"start":{"line":51,"column":4},"end":{"line":53,"column":null}},"type":"if","locations":[{"start":{"line":51,"column":4},"end":{"line":53,"column":null}},{"start":{"line":51,"column":4},"end":{"line":53,"column":null}}]},"2":{"loc":{"start":{"line":63,"column":4},"end":{"line":65,"column":null}},"type":"if","locations":[{"start":{"line":63,"column":4},"end":{"line":65,"column":null}},{"start":{"line":63,"column":4},"end":{"line":65,"column":null}}]},"3":{"loc":{"start":{"line":66,"column":4},"end":{"line":68,"column":null}},"type":"if","locations":[{"start":{"line":66,"column":4},"end":{"line":68,"column":null}},{"start":{"line":66,"column":4},"end":{"line":68,"column":null}}]},"4":{"loc":{"start":{"line":81,"column":24},"end":{"line":81,"column":26}},"type":"default-arg","locations":[{"start":{"line":81,"column":24},"end":{"line":81,"column":26}}]},"5":{"loc":{"start":{"line":83,"column":4},"end":{"line":91,"column":null}},"type":"if","locations":[{"start":{"line":83,"column":4},"end":{"line":91,"column":null}},{"start":{"line":83,"column":4},"end":{"line":91,"column":null}}]},"6":{"loc":{"start":{"line":83,"column":8},"end":{"line":83,"column":17}},"type":"binary-expr","locations":[{"start":{"line":83,"column":8},"end":{"line":83,"column":17}},{"start":{"line":83,"column":21},"end":{"line":83,"column":40}}]},"7":{"loc":{"start":{"line":112,"column":58},"end":{"line":112,"column":60}},"type":"default-arg","locations":[{"start":{"line":112,"column":58},"end":{"line":112,"column":60}}]},"8":{"loc":{"start":{"line":115,"column":4},"end":{"line":123,"column":null}},"type":"if","locations":[{"start":{"line":115,"column":4},"end":{"line":123,"column":null}},{"start":{"line":115,"column":4},"end":{"line":123,"column":null}}]},"9":{"loc":{"start":{"line":115,"column":8},"end":{"line":115,"column":17}},"type":"binary-expr","locations":[{"start":{"line":115,"column":8},"end":{"line":115,"column":17}},{"start":{"line":115,"column":21},"end":{"line":115,"column":41}}]}},"s":{"0":1,"1":1,"2":17,"3":17,"4":2,"5":1,"6":1,"7":1,"8":2,"9":1,"10":2,"11":1,"12":1,"13":1,"14":3,"15":1,"16":3,"17":19,"18":14,"19":2,"20":1,"21":2,"22":1,"23":1,"24":1,"25":1,"26":1,"27":1,"28":3,"29":3,"30":1,"31":2,"32":2,"33":2,"34":2,"35":1,"36":1,"37":2,"38":4,"39":4,"40":3,"41":1,"42":1,"43":1,"44":1,"45":1},"f":{"0":1,"1":17,"2":2,"3":1,"4":1,"5":3,"6":19,"7":14,"8":2,"9":3,"10":1,"11":1,"12":2,"13":4},"b":{"0":[1,1],"1":[1,2],"2":[1,1],"3":[1,1],"4":[0],"5":[1,2],"6":[3,2],"7":[0],"8":[3,1],"9":[4,3]}}
}
