TN:
SF:src/CodeSnippetContentsService.ts
FN:20,(anonymous_7)
FN:27,(anonymous_8)
FN:38,(anonymous_9)
FN:67,(anonymous_11)
FN:90,(anonymous_13)
FN:105,(anonymous_15)
FNF:6
FNH:6
FNDA:2,(anonymous_7)
FNDA:4,(anonymous_8)
FNDA:2,(anonymous_9)
FNDA:4,(anonymous_11)
FNDA:2,(anonymous_13)
FNDA:1,(anonymous_15)
DA:1,2
DA:16,2
DA:21,2
DA:22,2
DA:23,2
DA:24,2
DA:28,4
DA:29,2
DA:31,4
DA:42,2
DA:43,2
DA:48,1
DA:50,1
DA:71,4
DA:72,4
DA:73,1
DA:75,3
DA:91,2
DA:92,2
DA:93,1
DA:95,1
DA:106,1
DA:107,1
DA:109,1
LF:24
LH:24
BRDA:28,0,0,2
BRDA:28,0,1,2
BRF:2
BRH:2
end_of_record
TN:
SF:src/CodeSnippetWidgetModel.ts
FN:16,(anonymous_0)
FN:20,(anonymous_1)
FN:25,(anonymous_2)
FN:29,(anonymous_3)
FN:36,(anonymous_4)
FN:49,(anonymous_5)
FN:57,(anonymous_6)
FN:58,(anonymous_7)
FN:62,(anonymous_8)
FN:81,(anonymous_9)
FN:94,(anonymous_10)
FN:98,(anonymous_11)
FN:99,(anonymous_12)
FN:112,(anonymous_13)
FNF:14
FNH:14
FNDA:1,(anonymous_0)
FNDA:17,(anonymous_1)
FNDA:2,(anonymous_2)
FNDA:1,(anonymous_3)
FNDA:1,(anonymous_4)
FNDA:3,(anonymous_5)
FNDA:19,(anonymous_6)
FNDA:14,(anonymous_7)
FNDA:2,(anonymous_8)
FNDA:3,(anonymous_9)
FNDA:1,(anonymous_10)
FNDA:1,(anonymous_11)
FNDA:2,(anonymous_12)
FNDA:4,(anonymous_13)
DA:1,1
DA:13,1
DA:17,1
DA:21,17
DA:22,17
DA:26,2
DA:30,1
DA:31,1
DA:32,2
DA:37,1
DA:38,2
DA:39,1
DA:40,1
DA:44,1
DA:51,3
DA:52,1
DA:54,3
DA:58,19
DA:63,2
DA:64,1
DA:66,2
DA:67,1
DA:69,1
DA:70,1
DA:71,1
DA:73,1
DA:74,1
DA:82,3
DA:83,3
DA:84,1
DA:87,2
DA:88,2
DA:90,2
DA:95,1
DA:99,1
DA:100,2
DA:113,4
DA:115,4
DA:116,3
DA:119,1
DA:120,1
DA:122,1
LF:42
LH:42
BRDA:38,0,0,1
BRDA:38,0,1,1
BRDA:51,1,0,1
BRDA:51,1,1,2
BRDA:63,2,0,1
BRDA:63,2,1,1
BRDA:66,3,0,1
BRDA:66,3,1,1
BRDA:81,4,0,0
BRDA:83,5,0,1
BRDA:83,5,1,2
BRDA:83,6,0,3
BRDA:83,6,1,2
BRDA:112,7,0,0
BRDA:115,8,0,3
BRDA:115,8,1,1
BRDA:115,9,0,4
BRDA:115,9,1,3
BRF:18
BRH:16
end_of_record
